#
# There is insufficient memory for the Java Runtime Environment to continue.
# Native memory allocation (mmap) failed to map 266338304 bytes for Failed to commit area from 0x0000000703600000 to 0x0000000713400000 of length 266338304.
# Possible reasons:
#   The system is out of physical RAM or swap space
#   The process is running with CompressedOops enabled, and the Java Heap may be blocking the growth of the native heap
# Possible solutions:
#   Reduce memory load on the system
#   Increase physical memory or swap space
#   Check if swap backing store is full
#   Decrease Java heap size (-Xmx/-Xms)
#   Decrease number of Java threads
#   Decrease Java thread stack sizes (-Xss)
#   Set larger code cache with -XX:ReservedCodeCacheSize=
# This output file may be truncated or incomplete.
#
#  Out of Memory Error (c:/BuildAgent/work/1eae4dac1d648407/src/hotspot/os/windows/os_windows.cpp:3296), pid=20088, tid=13012
#
# JRE version:  (11.0.6+8) (build )
# Java VM: OpenJDK 64-Bit Server VM (11.0.6+8-b765.40, mixed mode, sharing, tiered, compressed oops, g1 gc, windows-amd64)
# No core dump will be written. Minidumps are not enabled by default on client versions of Windows
#

---------------  S U M M A R Y ------------

Command Line: org.jetbrains.git4idea.http.GitAskPassApp Username for 'https://github.com': 

Host: Intel(R) Core(TM) i5-10300H CPU @ 2.50GHz, 8 cores, 15G,  Windows 10 , 64 bit Build 22000 (10.0.22000.1880)
Time: Mon May  1 13:16:09 2023 RTZ 2 (зима) elapsed time: 0 seconds (0d 0h 0m 0s)

---------------  T H R E A D  ---------------

Current thread (0x000001cb9585d000):  JavaThread "Unknown thread" [_thread_in_vm, id=13012, stack(0x0000004774900000,0x0000004774a00000)]

Stack: [0x0000004774900000,0x0000004774a00000]
Native frames: (J=compiled Java code, j=interpreted, Vv=VM code, C=native code)
V  [jvm.dll+0x5ddf9a]
V  [jvm.dll+0x710ae5]
V  [jvm.dll+0x712005]
V  [jvm.dll+0x7126b3]
V  [jvm.dll+0x23e718]
V  [jvm.dll+0x5db444]
V  [jvm.dll+0x5d0675]
V  [jvm.dll+0x2faf1b]
V  [jvm.dll+0x2fae8a]
V  [jvm.dll+0x2fad62]
V  [jvm.dll+0x2ffc36]
V  [jvm.dll+0x3484e3]
V  [jvm.dll+0x348be6]
V  [jvm.dll+0x3485e3]
V  [jvm.dll+0x2d5938]
V  [jvm.dll+0x2d6ad7]
V  [jvm.dll+0x6ef8a7]
V  [jvm.dll+0x6f109c]
V  [jvm.dll+0x355b29]
V  [jvm.dll+0x6d4a7e]
V  [jvm.dll+0x3bf053]
V  [jvm.dll+0x3c15d1]
C  [jli.dll+0x5363]
C  [ucrtbase.dll+0x26c0c]
C  [KERNEL32.DLL+0x155a0]
C  [ntdll.dll+0x485b]


---------------  P R O C E S S  ---------------

Threads class SMR info:
_java_thread_list=0x000001cb935b33b0, length=0, elements={
}

Java Threads: ( => current thread )

Other Threads:
  0x000001cb95876800 GCTaskThread "GC Thread#0" [stack: 0x0000004774a00000,0x0000004774b00000] [id=10756]
  0x000001cb958d3800 ConcurrentGCThread "G1 Main Marker" [stack: 0x0000004774b00000,0x0000004774c00000] [id=5144]
  0x000001cb958d6000 ConcurrentGCThread "G1 Conc#0" [stack: 0x0000004774c00000,0x0000004774d00000] [id=15240]

[error occurred during error reporting (printing all threads), id 0xc0000005, EXCEPTION_ACCESS_VIOLATION (0xc0000005) at pc=0x00007ff81a196047]

VM state:not at safepoint (not fully initialized)

VM Mutex/Monitor currently owned by a thread:  ([mutex/lock_event])
[0x000001cb9585a2e0] Heap_lock - owner thread: 0x000001cb9585d000

Heap address: 0x0000000703600000, size: 4042 MB, Compressed Oops mode: Non-zero based: 0x0000000703600000
Narrow klass base: 0x0000000000000000, Narrow klass shift: 0

GC Heap History (0 events):
No events

Deoptimization events (0 events):
No events

Classes redefined (0 events):
No events

Internal exceptions (0 events):
No events

Events (2 events):
Event: 0.013 Loaded shared library C:\Program Files\JetBrains\PhpStorm 2020.1.1\jbr\bin\zip.dll
Event: 0.013 Loaded shared library C:\Program Files\JetBrains\PhpStorm 2020.1.1\jbr\bin\jimage.dll


Dynamic libraries:
0x00007ff6c11b0000 - 0x00007ff6c11ba000 	C:\Program Files\JetBrains\PhpStorm 2020.1.1\jbr\bin\java.exe
0x00007ff899d60000 - 0x00007ff899f69000 	C:\Windows\SYSTEM32\ntdll.dll
0x00007ff898150000 - 0x00007ff89820e000 	C:\Windows\System32\KERNEL32.DLL
0x00007ff897240000 - 0x00007ff8975c4000 	C:\Windows\System32\KERNELBASE.dll
0x00007ff897860000 - 0x00007ff897971000 	C:\Windows\System32\ucrtbase.dll
0x00007ff822980000 - 0x00007ff822997000 	C:\Program Files\JetBrains\PhpStorm 2020.1.1\jbr\bin\VCRUNTIME140.dll
0x00007ff824e80000 - 0x00007ff824e99000 	C:\Program Files\JetBrains\PhpStorm 2020.1.1\jbr\bin\jli.dll
0x00007ff899af0000 - 0x00007ff899c9d000 	C:\Windows\System32\USER32.dll
0x00007ff87a1c0000 - 0x00007ff87a465000 	C:\Windows\WinSxS\amd64_microsoft.windows.common-controls_6595b64144ccf1df_6.0.22000.120_none_9d947278b86cc467\COMCTL32.dll
0x00007ff897210000 - 0x00007ff897236000 	C:\Windows\System32\win32u.dll
0x00007ff899900000 - 0x00007ff89992a000 	C:\Windows\System32\GDI32.dll
0x00007ff897bd0000 - 0x00007ff897c73000 	C:\Windows\System32\msvcrt.dll
0x00007ff897980000 - 0x00007ff897a9f000 	C:\Windows\System32\gdi32full.dll
0x00007ff897650000 - 0x00007ff8976ed000 	C:\Windows\System32\msvcp_win.dll
0x00007ff899570000 - 0x00007ff8995a1000 	C:\Windows\System32\IMM32.DLL
0x00007ff8223c0000 - 0x00007ff82245d000 	C:\Program Files\JetBrains\PhpStorm 2020.1.1\jbr\bin\msvcp140.dll
0x00007ff819eb0000 - 0x00007ff81a96d000 	C:\Program Files\JetBrains\PhpStorm 2020.1.1\jbr\bin\server\jvm.dll
0x00007ff898400000 - 0x00007ff8984af000 	C:\Windows\System32\ADVAPI32.dll
0x00007ff898db0000 - 0x00007ff898e4e000 	C:\Windows\System32\sechost.dll
0x00007ff8995c0000 - 0x00007ff8996e1000 	C:\Windows\System32\RPCRT4.dll
0x00007ff898530000 - 0x00007ff898538000 	C:\Windows\System32\PSAPI.DLL
0x00007ff891d00000 - 0x00007ff891d33000 	C:\Windows\SYSTEM32\WINMM.dll
0x00007ff894190000 - 0x00007ff894199000 	C:\Windows\SYSTEM32\WSOCK32.dll
0x00007ff898390000 - 0x00007ff8983ff000 	C:\Windows\System32\WS2_32.dll
0x00007ff88eef0000 - 0x00007ff88eefa000 	C:\Windows\SYSTEM32\VERSION.dll
0x00007ff8962c0000 - 0x00007ff8962d8000 	C:\Windows\SYSTEM32\kernel.appcore.dll
0x00007ff825550000 - 0x00007ff825561000 	C:\Program Files\JetBrains\PhpStorm 2020.1.1\jbr\bin\verify.dll
0x00007ff894780000 - 0x00007ff8949a1000 	C:\Windows\SYSTEM32\DBGHELP.DLL
0x00007ff863120000 - 0x00007ff863151000 	C:\Windows\SYSTEM32\dbgcore.DLL
0x00007ff8975d0000 - 0x00007ff89764f000 	C:\Windows\System32\bcryptPrimitives.dll
0x00007ff825420000 - 0x00007ff825449000 	C:\Program Files\JetBrains\PhpStorm 2020.1.1\jbr\bin\java.dll
0x00007ff823990000 - 0x00007ff8239a8000 	C:\Program Files\JetBrains\PhpStorm 2020.1.1\jbr\bin\zip.dll
0x00007ff880a40000 - 0x00007ff880a4b000 	C:\Program Files\JetBrains\PhpStorm 2020.1.1\jbr\bin\jimage.dll

dbghelp: loaded successfully - version: 4.0.5 - missing functions: none
symbol engine: initialized successfully - sym options: 0x614 - pdb path: .;C:\Program Files\JetBrains\PhpStorm 2020.1.1\jbr\bin;C:\Windows\SYSTEM32;C:\Windows\WinSxS\amd64_microsoft.windows.common-controls_6595b64144ccf1df_6.0.22000.120_none_9d947278b86cc467;C:\Program Files\JetBrains\PhpStorm 2020.1.1\jbr\bin\server

VM Arguments:
java_command: org.jetbrains.git4idea.http.GitAskPassApp Username for 'https://github.com': 
java_class_path (initial): C:/Program Files/JetBrains/PhpStorm 2020.1.1/plugins/git4idea/lib/git4idea-rt.jar;C:/Program Files/JetBrains/PhpStorm 2020.1.1/lib/xmlrpc-2.0.1.jar;C:/Program Files/JetBrains/PhpStorm 2020.1.1/lib/commons-codec-1.14.jar;C:/Program Files/JetBrains/PhpStorm 2020.1.1/lib/util.jar
Launcher Type: SUN_STANDARD

[Global flags]
     intx CICompilerCount                          = 4                                         {product} {ergonomic}
     uint ConcGCThreads                            = 2                                         {product} {ergonomic}
     uint G1ConcRefinementThreads                  = 8                                         {product} {ergonomic}
   size_t G1HeapRegionSize                         = 1048576                                   {product} {ergonomic}
    uintx GCDrainStackTargetSize                   = 64                                        {product} {ergonomic}
   size_t InitialHeapSize                          = 266338304                                 {product} {ergonomic}
   size_t MarkStackSize                            = 4194304                                   {product} {ergonomic}
   size_t MaxHeapSize                              = 4238344192                                {product} {ergonomic}
   size_t MinHeapDeltaBytes                        = 1048576                                   {product} {ergonomic}
    uintx NonNMethodCodeHeapSize                   = 5836300                                {pd product} {ergonomic}
    uintx NonProfiledCodeHeapSize                  = 122910970                              {pd product} {ergonomic}
    uintx ProfiledCodeHeapSize                     = 122910970                              {pd product} {ergonomic}
    uintx ReservedCodeCacheSize                    = 251658240                              {pd product} {ergonomic}
     bool SegmentedCodeCache                       = true                                      {product} {ergonomic}
     bool UseCompressedClassPointers               = true                                 {lp64_product} {ergonomic}
     bool UseCompressedOops                        = true                                 {lp64_product} {ergonomic}
     bool UseG1GC                                  = true                                      {product} {ergonomic}
     bool UseLargePagesIndividualAllocation        = false                                  {pd product} {ergonomic}

Logging:
Log output configuration:
 #0: stdout all=warning uptime,level,tags
 #1: stderr all=off uptime,level,tags

Environment Variables:
PATH=C:/Program Files/Git/mingw64/libexec/git-core;C:/Program Files/Git/mingw64/libexec/git-core;C:\Program Files\Git\mingw64\bin;C:\Program Files\Git\usr\bin;C:\Users\user\bin;C:\Program Files (x86)\Common Files\Oracle\Java\javapath;C:\Windows\system32;C:\Windows;C:\Windows\System32\Wbem;C:\Windows\System32\WindowsPowerShell\v1.0\;C:\Windows\System32\OpenSSH\;C:\Program Files\Docker\Docker\resources\bin;C:\Program Files\NVIDIA Corporation\NVIDIA NvDLISR;C:\Program Files (x86)\NVIDIA Corporation\PhysX\Common;C:\Program Files\nodejs\;C:\Program Files\Git\cmd;C:\ProgramData\ComposerSetup\bin;C:\Users\user\AppData\Local\Microsoft\WindowsApps;C:\Users\user\AppData\Roaming\npm;C:\php8;C:\Users\user\AppData\Roaming\Composer\vendor\bin;C:\Users\user\AppData\Local\GitHubDesktop\bin
USERNAME=user
DISPLAY=:0.0
OS=Windows_NT
PROCESSOR_IDENTIFIER=Intel64 Family 6 Model 165 Stepping 2, GenuineIntel



---------------  S Y S T E M  ---------------

OS: Windows 10 , 64 bit Build 22000 (10.0.22000.1880)
HyperV virtualization detected

CPU:total 8 (initial active 8) (4 cores per cpu, 2 threads per core) family 6 model 165 stepping 2, cmov, cx8, fxsr, mmx, sse, sse2, sse3, ssse3, sse4.1, sse4.2, popcnt, avx, avx2, aes, clmul, erms, 3dnowpref, lzcnt, ht, tsc, tscinvbit, bmi1, bmi2, adx, fma

Memory: 4k page, system-wide physical 16160M (3267M free)
TotalPageFile size 30865M (AvailPageFile size 184M)
current process WorkingSet (physical memory assigned to process): 10M, peak: 10M
current process commit charge ("private bytes"): 60M, peak: 314M

vm_info: OpenJDK 64-Bit Server VM (11.0.6+8-b765.40) for windows-amd64 JRE (11.0.6+8-b765.40), built on Apr 20 2020 14:37:21 by "" with MS VC++ 14.0 (VS2015)

END.
