  2024-05-19 09:57:37 App\Jobs\Image ................................. RUNNING
  2024-05-19 09:57:37 App\Jobs\Image ............................. 9.31ms FAIL
  2024-05-19 10:03:31 App\Jobs\Image ................................. RUNNING
  2024-05-19 10:03:31 App\Jobs\Image ............................ 11.27ms FAIL
  2024-05-19 10:04:04 App\Jobs\Image ................................. RUNNING
  2024-05-19 10:04:04 App\Jobs\Image ............................ 10.26ms FAIL
  2024-05-19 10:15:52 App\Jobs\Image ................................. RUNNING
  2024-05-19 10:15:52 App\Jobs\Image ............................. 7.59ms FAIL
  2024-05-19 10:16:13 App\Jobs\Image ................................. RUNNING
  2024-05-19 10:16:13 App\Jobs\Image ............................ 11.88ms FAIL
  2024-05-19 10:24:17 App\Jobs\Image ................................. RUNNING
  2024-05-19 10:24:17 App\Jobs\Image ............................ 15.00ms FAIL
  2024-05-19 10:26:32 App\Jobs\Image ................................. RUNNING
  2024-05-19 10:26:32 App\Jobs\Image ............................ 38.74ms FAIL
  2024-05-19 10:26:53 App\Jobs\Image ................................. RUNNING
  2024-05-19 10:26:53 App\Jobs\Image ............................ 12.94ms FAIL
  2024-05-19 10:28:14 App\Jobs\Image ................................. RUNNING
  2024-05-19 10:28:14 App\Jobs\Image ............................. 8.42ms FAIL
  2024-05-19 10:31:53 App\Jobs\Image ................................. RUNNING
  2024-05-19 10:31:53 App\Jobs\Image ............................. 7.93ms FAIL
  2024-05-19 10:32:38 App\Jobs\Image ................................. RUNNING
  2024-05-19 10:32:38 App\Jobs\Image ............................ 14.93ms FAIL
  2024-05-19 10:32:53 App\Jobs\Image ................................. RUNNING
  2024-05-19 10:32:53 App\Jobs\Image ............................. 6.01ms FAIL
  2024-05-19 10:33:59 App\Jobs\Image ................................. RUNNING
  2024-05-19 10:33:59 App\Jobs\Image ............................. 8.59ms FAIL
  2024-05-19 10:34:38 App\Jobs\Image ................................. RUNNING
  2024-05-19 10:34:38 App\Jobs\Image ............................. 8.14ms FAIL
  2024-05-19 10:35:26 App\Jobs\Image ................................. RUNNING
  2024-05-19 10:35:26 App\Jobs\Image ............................. 7.76ms FAIL
  2024-05-19 10:39:11 App\Jobs\Image ................................. RUNNING
  2024-05-19 10:39:11 App\Jobs\Image ............................. 9.67ms FAIL
  2024-05-19 10:40:02 App\Jobs\Image ................................. RUNNING
  2024-05-19 10:40:02 App\Jobs\Image ............................. 5.79ms FAIL
  2024-05-19 10:40:29 App\Jobs\Image ................................. RUNNING
  2024-05-19 10:40:29 App\Jobs\Image ............................ 10.49ms FAIL
  2024-05-19 13:28:19 App\Jobs\Image ................................. RUNNING
  2024-05-19 13:28:19 App\Jobs\Image ................................. RUNNING
  2024-05-19 13:28:19 App\Jobs\Image ........................... 115.75ms DONE
  2024-05-19 13:28:19 App\Jobs\Image ................................. RUNNING
  2024-05-19 13:28:19 App\Jobs\Image ........................... 128.83ms DONE
  2024-05-19 13:28:19 App\Jobs\Image ........................... 100.31ms DONE
  2024-05-19 13:50:14 App\Jobs\FlatImage ............................. RUNNING
  2024-05-19 13:50:14 App\Jobs\FlatImage ....................... 103.47ms DONE
  2024-05-19 13:50:14 App\Jobs\FlatImage ............................. RUNNING
  2024-05-19 13:50:14 App\Jobs\FlatImage ........................ 82.77ms DONE
  2024-05-19 13:55:14 App\Jobs\FlatImage ............................. RUNNING
  2024-05-19 13:55:14 App\Jobs\FlatImage ............................. RUNNING
  2024-05-19 13:55:14 App\Jobs\FlatImage ....................... 145.35ms DONE
  2024-05-19 13:55:14 App\Jobs\FlatImage ........................ 93.97ms DONE
  2024-05-19 14:00:50 App\Jobs\FlatImage ............................. RUNNING
  2024-05-19 14:00:50 App\Jobs\FlatImage ....................... 144.51ms DONE
  2024-05-19 14:00:50 App\Jobs\FlatImage ............................. RUNNING
  2024-05-19 14:00:50 App\Jobs\FlatImage ........................ 80.46ms DONE
  2024-05-19 14:01:10 App\Jobs\FlatImage ............................. RUNNING
  2024-05-19 14:01:10 App\Jobs\FlatImage ....................... 143.20ms DONE
  2024-05-19 14:01:10 App\Jobs\FlatImage ............................. RUNNING
  2024-05-19 14:01:10 App\Jobs\FlatImage ........................ 91.98ms DONE
